#
# There is insufficient memory for the Java Runtime Environment to continue.
# Native memory allocation (mmap) failed to map 73400320 bytes for committing reserved memory.
# Possible reasons:
#   The system is out of physical RAM or swap space
#   In 32 bit mode, the process size limit was hit
# Possible solutions:
#   Reduce memory load on the system
#   Increase physical memory or swap space
#   Check if swap backing store is full
#   Use 64 bit Java on a 64 bit OS
#   Decrease Java heap size (-Xmx/-Xms)
#   Decrease number of Java threads
#   Decrease Java thread stack sizes (-Xss)
#   Set larger code cache with -XX:ReservedCodeCacheSize=
# This output file may be truncated or incomplete.
#
#  Out of Memory Error (os_linux.cpp:2640), pid=14702, tid=0x00007f54c453f700
#
# JRE version: Java(TM) SE Runtime Environment (8.0_141-b15) (build 1.8.0_141-b15)
# Java VM: Java HotSpot(TM) 64-Bit Server VM (25.141-b15 mixed mode linux-amd64 compressed oops)
# Failed to write core dump. Core dumps have been disabled. To enable core dumping, try "ulimit -c unlimited" before starting Java again
#

---------------  T H R E A D  ---------------

Current thread (0x00007f54d8078800):  VMThread [stack: 0x00007f54c443f000,0x00007f54c4540000] [id=14711]

Stack: [0x00007f54c443f000,0x00007f54c4540000],  sp=0x00007f54c453e220,  free space=1020k
Native frames: (J=compiled Java code, j=interpreted, Vv=VM code, C=native code)
V  [libjvm.so+0xacb18a]  VMError::report_and_die()+0x2ba
V  [libjvm.so+0x4ff4db]  report_vm_out_of_memory(char const*, int, unsigned long, VMErrorType, char const*)+0x8b
V  [libjvm.so+0x927d23]  os::Linux::commit_memory_impl(char*, unsigned long, bool)+0x103
V  [libjvm.so+0x928279]  os::pd_commit_memory(char*, unsigned long, unsigned long, bool)+0x29
V  [libjvm.so+0x92249a]  os::commit_memory(char*, unsigned long, unsigned long, bool)+0x2a
V  [libjvm.so+0x996ff3]  PSVirtualSpace::expand_by(unsigned long)+0x53
V  [libjvm.so+0x9983f8]  PSYoungGen::resize_generation(unsigned long, unsigned long)+0xf8
V  [libjvm.so+0x997552]  PSYoungGen::resize(unsigned long, unsigned long)+0x22
V  [libjvm.so+0x99482b]  PSScavenge::invoke_no_policy()+0xf3b
V  [libjvm.so+0x994fb1]  PSScavenge::invoke()+0x41
V  [libjvm.so+0x94bce0]  ParallelScavengeHeap::failed_mem_allocate(unsigned long)+0x70
V  [libjvm.so+0xaccba7]  VM_ParallelGCFailedAllocation::doit()+0x97
V  [libjvm.so+0xad4685]  VM_Operation::evaluate()+0x55
V  [libjvm.so+0xad2a5a]  VMThread::evaluate_operation(VM_Operation*)+0xba
V  [libjvm.so+0xad2dde]  VMThread::loop()+0x1ce
V  [libjvm.so+0xad3250]  VMThread::run()+0x70
V  [libjvm.so+0x92a338]  java_start(Thread*)+0x108

VM_Operation (0x00007f54de9d55d0): ParallelGCFailedAllocation, mode: safepoint, requested by thread 0x00007f54d800a800


---------------  P R O C E S S  ---------------

Java Threads: ( => current thread )
  0x00007f54d80cb800 JavaThread "Service Thread" daemon [_thread_blocked, id=14718, stack(0x00007f54bfa25000,0x00007f54bfb26000)]
  0x00007f54d80be000 JavaThread "C1 CompilerThread2" daemon [_thread_blocked, id=14717, stack(0x00007f54bfb26000,0x00007f54bfc27000)]
  0x00007f54d80bc800 JavaThread "C2 CompilerThread1" daemon [_thread_blocked, id=14716, stack(0x00007f54bfc27000,0x00007f54bfd28000)]
  0x00007f54d80b9800 JavaThread "C2 CompilerThread0" daemon [_thread_blocked, id=14715, stack(0x00007f54c403b000,0x00007f54c413c000)]
  0x00007f54d80b8000 JavaThread "Signal Dispatcher" daemon [_thread_blocked, id=14714, stack(0x00007f54c413c000,0x00007f54c423d000)]
  0x00007f54d8084800 JavaThread "Finalizer" daemon [_thread_blocked, id=14713, stack(0x00007f54c423d000,0x00007f54c433e000)]
  0x00007f54d8080000 JavaThread "Reference Handler" daemon [_thread_blocked, id=14712, stack(0x00007f54c433e000,0x00007f54c443f000)]
  0x00007f54d800a800 JavaThread "main" [_thread_blocked, id=14706, stack(0x00007f54de8d6000,0x00007f54de9d7000)]

Other Threads:
=>0x00007f54d8078800 VMThread [stack: 0x00007f54c443f000,0x00007f54c4540000] [id=14711]
  0x00007f54d80ce000 WatcherThread [stack: 0x00007f54bf924000,0x00007f54bfa25000] [id=14719]

VM state:at safepoint (normal execution)

VM Mutex/Monitor currently owned by a thread:  ([mutex/lock_event])
[0x00007f54d8006e10] Threads_lock - owner thread: 0x00007f54d8078800
[0x00007f54d8007310] Heap_lock - owner thread: 0x00007f54d800a800

Heap:
 PSYoungGen      total 64000K, used 2542K [0x00000000ec000000, 0x00000000f0100000, 0x0000000100000000)
  eden space 61440K, 0% used [0x00000000ec000000,0x00000000ec000000,0x00000000efc00000)
  from space 2560K, 99% used [0x00000000efc00000,0x00000000efe7bb68,0x00000000efe80000)
  to   space 2560K, 0% used [0x00000000efe80000,0x00000000efe80000,0x00000000f0100000)
 ParOldGen       total 40960K, used 7336K [0x00000000c4000000, 0x00000000c6800000, 0x00000000ec000000)
  object space 40960K, 17% used [0x00000000c4000000,0x00000000c472a000,0x00000000c6800000)
 Metaspace       used 2599K, capacity 4562K, committed 4864K, reserved 1056768K
  class space    used 273K, capacity 386K, committed 512K, reserved 1048576K

Card table byte_map: [0x00007f54c8426000,0x00007f54c8607000] byte_map_base: 0x00007f54c7e06000

Marking Bits: (ParMarkBitMap*) 0x00007f54ddda4dc0
 Begin Bits: [0x00007f54c60e2000, 0x00007f54c6fe2000)
 End Bits:   [0x00007f54c6fe2000, 0x00007f54c7ee2000)

Polling page: 0x00007f54de9f5000

CodeCache: size=245760Kb used=1496Kb max_used=1504Kb free=244263Kb
 bounds [0x00007f54c89c7000, 0x00007f54c8c37000, 0x00007f54d79c7000]
 total_blobs=365 nmethods=135 adapters=145
 compilation: enabled

Compilation events (10 events):
Event: 0.401 Thread 0x00007f54d80be000 nmethod 131 0x00007f54c8b33ad0 code [0x00007f54c8b33d00, 0x00007f54c8b349e8]
Event: 0.434 Thread 0x00007f54d80b9800 nmethod 127% 0x00007f54c8b3a850 code [0x00007f54c8b3ab40, 0x00007f54c8b3d5a8]
Event: 0.441 Thread 0x00007f54d80bc800  132       4       java.nio.Buffer::position (43 bytes)
Event: 0.442 Thread 0x00007f54d80bc800 nmethod 132 0x00007f54c8b37890 code [0x00007f54c8b379e0, 0x00007f54c8b37ab8]
Event: 0.478 Thread 0x00007f54d80be000  133       3       java.nio.Buffer::limit (62 bytes)
Event: 0.479 Thread 0x00007f54d80be000 nmethod 133 0x00007f54c8b37350 code [0x00007f54c8b374c0, 0x00007f54c8b377c8]
Event: 0.480 Thread 0x00007f54d80be000  134       3       sun.nio.cs.UTF_8$Decoder::decodeLoop (28 bytes)
Event: 0.481 Thread 0x00007f54d80be000 nmethod 134 0x00007f54c8b36b10 code [0x00007f54c8b36cc0, 0x00007f54c8b371f8]
Event: 0.481 Thread 0x00007f54d80be000  135   !   3       java.nio.charset.CharsetDecoder::decode (287 bytes)
Event: 0.483 Thread 0x00007f54d80be000 nmethod 135 0x00007f54c8b38490 code [0x00007f54c8b38780, 0x00007f54c8b39ef8]

GC Heap History (9 events):
Event: 0.275 GC heap before
{Heap before GC invocations=1 (full 0):
 PSYoungGen      total 17920K, used 15360K [0x00000000ec000000, 0x00000000ed400000, 0x0000000100000000)
  eden space 15360K, 100% used [0x00000000ec000000,0x00000000ecf00000,0x00000000ecf00000)
  from space 2560K, 0% used [0x00000000ed180000,0x00000000ed180000,0x00000000ed400000)
  to   space 2560K, 0% used [0x00000000ecf00000,0x00000000ecf00000,0x00000000ed180000)
 ParOldGen       total 40960K, used 0K [0x00000000c4000000, 0x00000000c6800000, 0x00000000ec000000)
  object space 40960K, 0% used [0x00000000c4000000,0x00000000c4000000,0x00000000c6800000)
 Metaspace       used 2573K, capacity 4562K, committed 4864K, reserved 1056768K
  class space    used 273K, capacity 386K, committed 512K, reserved 1048576K
Event: 0.285 GC heap after
Heap after GC invocations=1 (full 0):
 PSYoungGen      total 17920K, used 1275K [0x00000000ec000000, 0x00000000ee300000, 0x0000000100000000)
  eden space 15360K, 0% used [0x00000000ec000000,0x00000000ec000000,0x00000000ecf00000)
  from space 2560K, 49% used [0x00000000ecf00000,0x00000000ed03ee38,0x00000000ed180000)
  to   space 2560K, 0% used [0x00000000ee080000,0x00000000ee080000,0x00000000ee300000)
 ParOldGen       total 40960K, used 8K [0x00000000c4000000, 0x00000000c6800000, 0x00000000ec000000)
  object space 40960K, 0% used [0x00000000c4000000,0x00000000c4002000,0x00000000c6800000)
 Metaspace       used 2573K, capacity 4562K, committed 4864K, reserved 1056768K
  class space    used 273K, capacity 386K, committed 512K, reserved 1048576K
}
Event: 0.325 GC heap before
{Heap before GC invocations=2 (full 0):
 PSYoungGen      total 17920K, used 16635K [0x00000000ec000000, 0x00000000ee300000, 0x0000000100000000)
  eden space 15360K, 100% used [0x00000000ec000000,0x00000000ecf00000,0x00000000ecf00000)
  from space 2560K, 49% used [0x00000000ecf00000,0x00000000ed03ee38,0x00000000ed180000)
  to   space 2560K, 0% used [0x00000000ee080000,0x00000000ee080000,0x00000000ee300000)
 ParOldGen       total 40960K, used 8K [0x00000000c4000000, 0x00000000c6800000, 0x00000000ec000000)
  object space 40960K, 0% used [0x00000000c4000000,0x00000000c4002000,0x00000000c6800000)
 Metaspace       used 2583K, capacity 4562K, committed 4864K, reserved 1056768K
  class space    used 273K, capacity 386K, committed 512K, reserved 1048576K
Event: 0.330 GC heap after
Heap after GC invocations=2 (full 0):
 PSYoungGen      total 33280K, used 2213K [0x00000000ec000000, 0x00000000ee300000, 0x0000000100000000)
  eden space 30720K, 0% used [0x00000000ec000000,0x00000000ec000000,0x00000000ede00000)
  from space 2560K, 86% used [0x00000000ee080000,0x00000000ee2a97b0,0x00000000ee300000)
  to   space 2560K, 0% used [0x00000000ede00000,0x00000000ede00000,0x00000000ee080000)
 ParOldGen       total 40960K, used 16K [0x00000000c4000000, 0x00000000c6800000, 0x00000000ec000000)
  object space 40960K, 0% used [0x00000000c4000000,0x00000000c4004000,0x00000000c6800000)
 Metaspace       used 2583K, capacity 4562K, committed 4864K, reserved 1056768K
  class space    used 273K, capacity 386K, committed 512K, reserved 1048576K
}
Event: 0.377 GC heap before
{Heap before GC invocations=3 (full 0):
 PSYoungGen      total 33280K, used 32933K [0x00000000ec000000, 0x00000000ee300000, 0x0000000100000000)
  eden space 30720K, 100% used [0x00000000ec000000,0x00000000ede00000,0x00000000ede00000)
  from space 2560K, 86% used [0x00000000ee080000,0x00000000ee2a97b0,0x00000000ee300000)
  to   space 2560K, 0% used [0x00000000ede00000,0x00000000ede00000,0x00000000ee080000)
 ParOldGen       total 40960K, used 16K [0x00000000c4000000, 0x00000000c6800000, 0x00000000ec000000)
  object space 40960K, 0% used [0x00000000c4000000,0x00000000c4004000,0x00000000c6800000)
 Metaspace       used 2597K, capacity 4562K, committed 4864K, reserved 1056768K
  class space    used 273K, capacity 386K, committed 512K, reserved 1048576K
Event: 0.384 GC heap after
Heap after GC invocations=3 (full 0):
 PSYoungGen      total 33280K, used 2544K [0x00000000ec000000, 0x00000000f0100000, 0x0000000100000000)
  eden space 30720K, 0% used [0x00000000ec000000,0x00000000ec000000,0x00000000ede00000)
  from space 2560K, 99% used [0x00000000ede00000,0x00000000ee07c398,0x00000000ee080000)
  to   space 2560K, 0% used [0x00000000efe80000,0x00000000efe80000,0x00000000f0100000)
 ParOldGen       total 40960K, used 1400K [0x00000000c4000000, 0x00000000c6800000, 0x00000000ec000000)
  object space 40960K, 3% used [0x00000000c4000000,0x00000000c415e000,0x00000000c6800000)
 Metaspace       used 2597K, capacity 4562K, committed 4864K, reserved 1056768K
  class space    used 273K, capacity 386K, committed 512K, reserved 1048576K
}
Event: 0.413 GC heap before
{Heap before GC invocations=4 (full 0):
 PSYoungGen      total 33280K, used 33264K [0x00000000ec000000, 0x00000000f0100000, 0x0000000100000000)
  eden space 30720K, 100% used [0x00000000ec000000,0x00000000ede00000,0x00000000ede00000)
  from space 2560K, 99% used [0x00000000ede00000,0x00000000ee07c398,0x00000000ee080000)
  to   space 2560K, 0% used [0x00000000efe80000,0x00000000efe80000,0x00000000f0100000)
 ParOldGen       total 40960K, used 1400K [0x00000000c4000000, 0x00000000c6800000, 0x00000000ec000000)
  object space 40960K, 3% used [0x00000000c4000000,0x00000000c415e000,0x00000000c6800000)
 Metaspace       used 2599K, capacity 4562K, committed 4864K, reserved 1056768K
  class space    used 273K, capacity 386K, committed 512K, reserved 1048576K
Event: 0.421 GC heap after
Heap after GC invocations=4 (full 0):
 PSYoungGen      total 64000K, used 2529K [0x00000000ec000000, 0x00000000f0100000, 0x0000000100000000)
  eden space 61440K, 0% used [0x00000000ec000000,0x00000000ec000000,0x00000000efc00000)
  from space 2560K, 98% used [0x00000000efe80000,0x00000000f00f8528,0x00000000f0100000)
  to   space 2560K, 0% used [0x00000000efc00000,0x00000000efc00000,0x00000000efe80000)
 ParOldGen       total 40960K, used 3288K [0x00000000c4000000, 0x00000000c6800000, 0x00000000ec000000)
  object space 40960K, 8% used [0x00000000c4000000,0x00000000c4336000,0x00000000c6800000)
 Metaspace       used 2599K, capacity 4562K, committed 4864K, reserved 1056768K
  class space    used 273K, capacity 386K, committed 512K, reserved 1048576K
}
Event: 0.490 GC heap before
{Heap before GC invocations=5 (full 0):
 PSYoungGen      total 64000K, used 63969K [0x00000000ec000000, 0x00000000f0100000, 0x0000000100000000)
  eden space 61440K, 100% used [0x00000000ec000000,0x00000000efc00000,0x00000000efc00000)
  from space 2560K, 98% used [0x00000000efe80000,0x00000000f00f8528,0x00000000f0100000)
  to   space 2560K, 0% used [0x00000000efc00000,0x00000000efc00000,0x00000000efe80000)
 ParOldGen       total 40960K, used 3288K [0x00000000c4000000, 0x00000000c6800000, 0x00000000ec000000)
  object space 40960K, 8% used [0x00000000c4000000,0x00000000c4336000,0x00000000c6800000)
 Metaspace       used 2599K, capacity 4562K, committed 4864K, reserved 1056768K
  class space    used 273K, capacity 386K, committed 512K, reserved 1048576K

Deoptimization events (5 events):
Event: 0.219 Thread 0x00007f54d800a800 Uncommon trap: reason=predicate action=maybe_recompile pc=0x00007f54c8b173d8 method=java.util.AbstractCollection.toArray([Ljava/lang/Object;)[Ljava/lang/Object; @ 49
Event: 0.258 Thread 0x00007f54d800a800 Uncommon trap: reason=array_check action=maybe_recompile pc=0x00007f54c8b19b68 method=java.util.AbstractCollection.toArray([Ljava/lang/Object;)[Ljava/lang/Object; @ 119
Event: 0.258 Thread 0x00007f54d800a800 Uncommon trap: reason=array_check action=maybe_recompile pc=0x00007f54c8b19b68 method=java.util.AbstractCollection.toArray([Ljava/lang/Object;)[Ljava/lang/Object; @ 119
Event: 0.258 Thread 0x00007f54d800a800 Uncommon trap: reason=array_check action=maybe_recompile pc=0x00007f54c8b19b68 method=java.util.AbstractCollection.toArray([Ljava/lang/Object;)[Ljava/lang/Object; @ 119
Event: 0.258 Thread 0x00007f54d800a800 Uncommon trap: reason=array_check action=maybe_recompile pc=0x00007f54c8b19b68 method=java.util.AbstractCollection.toArray([Ljava/lang/Object;)[Ljava/lang/Object; @ 119

Internal exceptions (2 events):
Event: 0.055 Thread 0x00007f54d800a800 Exception <a 'java/lang/NoSuchMethodError': Method sun.misc.Unsafe.defineClass(Ljava/lang/String;[BII)Ljava/lang/Class; name or signature does not match> (0x00000000ec007ca8) thrown at [/HUDSON3/workspace/8-2-build-linux-amd64/jdk8u141/9370/hotspot/src/sh
Event: 0.055 Thread 0x00007f54d800a800 Exception <a 'java/lang/NoSuchMethodError': Method sun.misc.Unsafe.prefetchRead(Ljava/lang/Object;J)V name or signature does not match> (0x00000000ec007f90) thrown at [/HUDSON3/workspace/8-2-build-linux-amd64/jdk8u141/9370/hotspot/src/share/vm/prims/jni.c

Events (10 events):
Event: 0.285 Executing VM operation: ParallelGCFailedAllocation done
Event: 0.325 Executing VM operation: ParallelGCFailedAllocation
Event: 0.330 Executing VM operation: ParallelGCFailedAllocation done
Event: 0.377 Executing VM operation: ParallelGCFailedAllocation
Event: 0.384 Executing VM operation: ParallelGCFailedAllocation done
Event: 0.413 Executing VM operation: ParallelGCFailedAllocation
Event: 0.421 Executing VM operation: ParallelGCFailedAllocation done
Event: 0.439 Thread 0x00007f54d800a800 DEOPT PACKING pc=0x00007f54c8b2466e sp=0x00007f54de9d5720
Event: 0.439 Thread 0x00007f54d800a800 DEOPT UNPACKING pc=0x00007f54c8a0e633 sp=0x00007f54de9d5510 mode 0
Event: 0.490 Executing VM operation: ParallelGCFailedAllocation


Dynamic libraries:
00400000-00401000 r-xp 00000000 08:05 922885                             /usr/local/jdk1.8.0_141/bin/java
00600000-00601000 rw-p 00000000 08:05 922885                             /usr/local/jdk1.8.0_141/bin/java
014b7000-014d8000 rw-p 00000000 00:00 0                                  [heap]
c4000000-c6800000 rw-p 00000000 00:00 0 
c6800000-ec000000 ---p 00000000 00:00 0 
ec000000-f0100000 rw-p 00000000 00:00 0 
f4700000-100000000 ---p 00000000 00:00 0 
100000000-100080000 rw-p 00000000 00:00 0 
100080000-140000000 ---p 00000000 00:00 0 
7f5488000000-7f5488021000 rw-p 00000000 00:00 0 
7f5488021000-7f548c000000 ---p 00000000 00:00 0 
7f5490000000-7f54901a0000 rw-p 00000000 00:00 0 
7f54901a0000-7f5494000000 ---p 00000000 00:00 0 
7f5494000000-7f5494021000 rw-p 00000000 00:00 0 
7f5494021000-7f5498000000 ---p 00000000 00:00 0 
7f5498000000-7f5498304000 rw-p 00000000 00:00 0 
7f5498304000-7f549c000000 ---p 00000000 00:00 0 
7f549c000000-7f549c212000 rw-p 00000000 00:00 0 
7f549c212000-7f54a0000000 ---p 00000000 00:00 0 
7f54a0000000-7f54a0021000 rw-p 00000000 00:00 0 
7f54a0021000-7f54a4000000 ---p 00000000 00:00 0 
7f54a4000000-7f54a4021000 rw-p 00000000 00:00 0 
7f54a4021000-7f54a8000000 ---p 00000000 00:00 0 
7f54a8000000-7f54a8021000 rw-p 00000000 00:00 0 
7f54a8021000-7f54ac000000 ---p 00000000 00:00 0 
7f54ac000000-7f54ac021000 rw-p 00000000 00:00 0 
7f54ac021000-7f54b0000000 ---p 00000000 00:00 0 
7f54b0000000-7f54b0021000 rw-p 00000000 00:00 0 
7f54b0021000-7f54b4000000 ---p 00000000 00:00 0 
7f54b4000000-7f54b4021000 rw-p 00000000 00:00 0 
7f54b4021000-7f54b8000000 ---p 00000000 00:00 0 
7f54b8000000-7f54b8021000 rw-p 00000000 00:00 0 
7f54b8021000-7f54bc000000 ---p 00000000 00:00 0 
7f54bf69d000-7f54bf924000 rw-p 00000000 00:00 0 
7f54bf924000-7f54bf925000 ---p 00000000 00:00 0 
7f54bf925000-7f54bfa25000 rw-p 00000000 00:00 0 
7f54bfa25000-7f54bfa28000 ---p 00000000 00:00 0 
7f54bfa28000-7f54bfb26000 rw-p 00000000 00:00 0 
7f54bfb26000-7f54bfb29000 ---p 00000000 00:00 0 
7f54bfb29000-7f54bfc27000 rw-p 00000000 00:00 0 
7f54bfc27000-7f54bfc2a000 ---p 00000000 00:00 0 
7f54bfc2a000-7f54bfd28000 rw-p 00000000 00:00 0 
7f54bfd28000-7f54c0000000 r--p 00000000 08:05 919473                     /usr/lib/locale/locale-archive
7f54c0000000-7f54c0021000 rw-p 00000000 00:00 0 
7f54c0021000-7f54c4000000 ---p 00000000 00:00 0 
7f54c403b000-7f54c403e000 ---p 00000000 00:00 0 
7f54c403e000-7f54c413c000 rw-p 00000000 00:00 0 
7f54c413c000-7f54c413f000 ---p 00000000 00:00 0 
7f54c413f000-7f54c423d000 rw-p 00000000 00:00 0 
7f54c423d000-7f54c4240000 ---p 00000000 00:00 0 
7f54c4240000-7f54c433e000 rw-p 00000000 00:00 0 
7f54c433e000-7f54c4341000 ---p 00000000 00:00 0 
7f54c4341000-7f54c443f000 rw-p 00000000 00:00 0 
7f54c443f000-7f54c4440000 ---p 00000000 00:00 0 
7f54c4440000-7f54c54b2000 rw-p 00000000 00:00 0 
7f54c54b2000-7f54c568c000 r--s 03d4d000 08:05 922829                     /usr/local/jdk1.8.0_141/jre/lib/rt.jar
7f54c568c000-7f54c5b42000 rw-p 00000000 00:00 0 
7f54c5b42000-7f54c5f02000 ---p 00000000 00:00 0 
7f54c5f02000-7f54c7ee2000 rw-p 00000000 00:00 0 
7f54c7ee2000-7f54c7ee3000 ---p 00000000 00:00 0 
7f54c7ee3000-7f54c7fe3000 rw-p 00000000 00:00 0 
7f54c7fe3000-7f54c7fe4000 ---p 00000000 00:00 0 
7f54c7fe4000-7f54c80e4000 rw-p 00000000 00:00 0 
7f54c80e4000-7f54c80e5000 ---p 00000000 00:00 0 
7f54c80e5000-7f54c81e5000 rw-p 00000000 00:00 0 
7f54c81e5000-7f54c81e6000 ---p 00000000 00:00 0 
7f54c81e6000-7f54c82fa000 rw-p 00000000 00:00 0 
7f54c82fa000-7f54c8426000 ---p 00000000 00:00 0 
7f54c8426000-7f54c843a000 rw-p 00000000 00:00 0 
7f54c843a000-7f54c8566000 ---p 00000000 00:00 0 
7f54c8566000-7f54c8587000 rw-p 00000000 00:00 0 
7f54c8587000-7f54c8606000 ---p 00000000 00:00 0 
7f54c8606000-7f54c8611000 rw-p 00000000 00:00 0 
7f54c8611000-7f54c89c7000 ---p 00000000 00:00 0 
7f54c89c7000-7f54c8c37000 rwxp 00000000 00:00 0 
7f54c8c37000-7f54d79c7000 ---p 00000000 00:00 0 
7f54d79c7000-7f54d79e1000 r-xp 00000000 08:05 922687                     /usr/local/jdk1.8.0_141/jre/lib/amd64/libzip.so
7f54d79e1000-7f54d7be1000 ---p 0001a000 08:05 922687                     /usr/local/jdk1.8.0_141/jre/lib/amd64/libzip.so
7f54d7be1000-7f54d7be2000 rw-p 0001a000 08:05 922687                     /usr/local/jdk1.8.0_141/jre/lib/amd64/libzip.so
7f54d7be2000-7f54d7bed000 r-xp 00000000 08:05 1977266                    /lib/x86_64-linux-gnu/libnss_files-2.23.so
7f54d7bed000-7f54d7dec000 ---p 0000b000 08:05 1977266                    /lib/x86_64-linux-gnu/libnss_files-2.23.so
7f54d7dec000-7f54d7ded000 r--p 0000a000 08:05 1977266                    /lib/x86_64-linux-gnu/libnss_files-2.23.so
7f54d7ded000-7f54d7dee000 rw-p 0000b000 08:05 1977266                    /lib/x86_64-linux-gnu/libnss_files-2.23.so
7f54d7dee000-7f54d7df4000 rw-p 00000000 00:00 0 
7f54d7df4000-7f54d7dff000 r-xp 00000000 08:05 1977272                    /lib/x86_64-linux-gnu/libnss_nis-2.23.so
7f54d7dff000-7f54d7ffe000 ---p 0000b000 08:05 1977272                    /lib/x86_64-linux-gnu/libnss_nis-2.23.so
7f54d7ffe000-7f54d7fff000 r--p 0000a000 08:05 1977272                    /lib/x86_64-linux-gnu/libnss_nis-2.23.so
7f54d7fff000-7f54d8000000 rw-p 0000b000 08:05 1977272                    /lib/x86_64-linux-gnu/libnss_nis-2.23.so
7f54d8000000-7f54d80e9000 rw-p 00000000 00:00 0 
7f54d80e9000-7f54dc000000 ---p 00000000 00:00 0 
7f54dc01e000-7f54dc06d000 rw-p 00000000 00:00 0 
7f54dc06d000-7f54dc083000 r-xp 00000000 08:05 1966663                    /lib/x86_64-linux-gnu/libnsl-2.23.so
7f54dc083000-7f54dc282000 ---p 00016000 08:05 1966663                    /lib/x86_64-linux-gnu/libnsl-2.23.so
7f54dc282000-7f54dc283000 r--p 00015000 08:05 1966663                    /lib/x86_64-linux-gnu/libnsl-2.23.so
7f54dc283000-7f54dc284000 rw-p 00016000 08:05 1966663                    /lib/x86_64-linux-gnu/libnsl-2.23.so
7f54dc284000-7f54dc286000 rw-p 00000000 00:00 0 
7f54dc286000-7f54dc28e000 r-xp 00000000 08:05 1977300                    /lib/x86_64-linux-gnu/libnss_compat-2.23.so
7f54dc28e000-7f54dc48d000 ---p 00008000 08:05 1977300                    /lib/x86_64-linux-gnu/libnss_compat-2.23.so
7f54dc48d000-7f54dc48e000 r--p 00007000 08:05 1977300                    /lib/x86_64-linux-gnu/libnss_compat-2.23.so
7f54dc48e000-7f54dc48f000 rw-p 00008000 08:05 1977300                    /lib/x86_64-linux-gnu/libnss_compat-2.23.so
7f54dc48f000-7f54dc4ba000 r-xp 00000000 08:05 922661                     /usr/local/jdk1.8.0_141/jre/lib/amd64/libjava.so
7f54dc4ba000-7f54dc6b9000 ---p 0002b000 08:05 922661                     /usr/local/jdk1.8.0_141/jre/lib/amd64/libjava.so
7f54dc6b9000-7f54dc6bb000 rw-p 0002a000 08:05 922661                     /usr/local/jdk1.8.0_141/jre/lib/amd64/libjava.so
7f54dc6bb000-7f54dc6c8000 r-xp 00000000 08:05 922626                     /usr/local/jdk1.8.0_141/jre/lib/amd64/libverify.so
7f54dc6c8000-7f54dc8c8000 ---p 0000d000 08:05 922626                     /usr/local/jdk1.8.0_141/jre/lib/amd64/libverify.so
7f54dc8c8000-7f54dc8ca000 rw-p 0000d000 08:05 922626                     /usr/local/jdk1.8.0_141/jre/lib/amd64/libverify.so
7f54dc8ca000-7f54dc8d1000 r-xp 00000000 08:05 1977281                    /lib/x86_64-linux-gnu/librt-2.23.so
7f54dc8d1000-7f54dcad0000 ---p 00007000 08:05 1977281                    /lib/x86_64-linux-gnu/librt-2.23.so
7f54dcad0000-7f54dcad1000 r--p 00006000 08:05 1977281                    /lib/x86_64-linux-gnu/librt-2.23.so
7f54dcad1000-7f54dcad2000 rw-p 00007000 08:05 1977281                    /lib/x86_64-linux-gnu/librt-2.23.so
7f54dcad2000-7f54dcbda000 r-xp 00000000 08:05 1977377                    /lib/x86_64-linux-gnu/libm-2.23.so
7f54dcbda000-7f54dcdd9000 ---p 00108000 08:05 1977377                    /lib/x86_64-linux-gnu/libm-2.23.so
7f54dcdd9000-7f54dcdda000 r--p 00107000 08:05 1977377                    /lib/x86_64-linux-gnu/libm-2.23.so
7f54dcdda000-7f54dcddb000 rw-p 00108000 08:05 1977377                    /lib/x86_64-linux-gnu/libm-2.23.so
7f54dcddb000-7f54ddaae000 r-xp 00000000 08:05 922530                     /usr/local/jdk1.8.0_141/jre/lib/amd64/server/libjvm.so
7f54ddaae000-7f54ddcad000 ---p 00cd3000 08:05 922530                     /usr/local/jdk1.8.0_141/jre/lib/amd64/server/libjvm.so
7f54ddcad000-7f54ddd87000 rw-p 00cd2000 08:05 922530                     /usr/local/jdk1.8.0_141/jre/lib/amd64/server/libjvm.so
7f54ddd87000-7f54dddd2000 rw-p 00000000 00:00 0 
7f54dddd2000-7f54ddf92000 r-xp 00000000 08:05 1977437                    /lib/x86_64-linux-gnu/libc-2.23.so
7f54ddf92000-7f54de192000 ---p 001c0000 08:05 1977437                    /lib/x86_64-linux-gnu/libc-2.23.so
7f54de192000-7f54de196000 r--p 001c0000 08:05 1977437                    /lib/x86_64-linux-gnu/libc-2.23.so
7f54de196000-7f54de198000 rw-p 001c4000 08:05 1977437                    /lib/x86_64-linux-gnu/libc-2.23.so
7f54de198000-7f54de19c000 rw-p 00000000 00:00 0 
7f54de19c000-7f54de19f000 r-xp 00000000 08:05 1977297                    /lib/x86_64-linux-gnu/libdl-2.23.so
7f54de19f000-7f54de39e000 ---p 00003000 08:05 1977297                    /lib/x86_64-linux-gnu/libdl-2.23.so
7f54de39e000-7f54de39f000 r--p 00002000 08:05 1977297                    /lib/x86_64-linux-gnu/libdl-2.23.so
7f54de39f000-7f54de3a0000 rw-p 00003000 08:05 1977297                    /lib/x86_64-linux-gnu/libdl-2.23.so
7f54de3a0000-7f54de3b5000 r-xp 00000000 08:05 922694                     /usr/local/jdk1.8.0_141/lib/amd64/jli/libjli.so
7f54de3b5000-7f54de5b5000 ---p 00015000 08:05 922694                     /usr/local/jdk1.8.0_141/lib/amd64/jli/libjli.so
7f54de5b5000-7f54de5b6000 rw-p 00015000 08:05 922694                     /usr/local/jdk1.8.0_141/lib/amd64/jli/libjli.so
7f54de5b6000-7f54de5ce000 r-xp 00000000 08:05 1977270                    /lib/x86_64-linux-gnu/libpthread-2.23.so
7f54de5ce000-7f54de7cd000 ---p 00018000 08:05 1977270                    /lib/x86_64-linux-gnu/libpthread-2.23.so
7f54de7cd000-7f54de7ce000 r--p 00017000 08:05 1977270                    /lib/x86_64-linux-gnu/libpthread-2.23.so
7f54de7ce000-7f54de7cf000 rw-p 00018000 08:05 1977270                    /lib/x86_64-linux-gnu/libpthread-2.23.so
7f54de7cf000-7f54de7d3000 rw-p 00000000 00:00 0 
7f54de7d3000-7f54de7f9000 r-xp 00000000 08:05 1976623                    /lib/x86_64-linux-gnu/ld-2.23.so
7f54de7fe000-7f54de8d6000 rw-p 00000000 00:00 0 
7f54de8d6000-7f54de8d9000 ---p 00000000 00:00 0 
7f54de8d9000-7f54de9db000 rw-p 00000000 00:00 0 
7f54de9ec000-7f54de9f4000 rw-s 00000000 08:05 403437                     /tmp/hsperfdata_nguyenvyl/14702
7f54de9f4000-7f54de9f5000 rw-p 00000000 00:00 0 
7f54de9f5000-7f54de9f6000 ---p 00000000 00:00 0 
7f54de9f6000-7f54de9f8000 rw-p 00000000 00:00 0 
7f54de9f8000-7f54de9f9000 r--p 00025000 08:05 1976623                    /lib/x86_64-linux-gnu/ld-2.23.so
7f54de9f9000-7f54de9fa000 rw-p 00026000 08:05 1976623                    /lib/x86_64-linux-gnu/ld-2.23.so
7f54de9fa000-7f54de9fb000 rw-p 00000000 00:00 0 
7ffc4fca7000-7ffc4fcc9000 rw-p 00000000 00:00 0                          [stack]
7ffc4fd9c000-7ffc4fd9e000 r--p 00000000 00:00 0                          [vvar]
7ffc4fd9e000-7ffc4fda0000 r-xp 00000000 00:00 0                          [vdso]
ffffffffff600000-ffffffffff601000 r-xp 00000000 00:00 0                  [vsyscall]

VM Arguments:
java_command: com.programmerscuriosity.client.MyClient
java_class_path (initial): /home/nguyenvyl/NetBeansProjects/SDS/target/classes:/home/nguyenvyl/.m2/repository/org/glassfish/jersey/containers/jersey-container-servlet-core/2.23.2/jersey-container-servlet-core-2.23.2.jar:/home/nguyenvyl/.m2/repository/org/glassfish/hk2/external/javax.inject/2.5.0-b05/javax.inject-2.5.0-b05.jar:/home/nguyenvyl/.m2/repository/org/glassfish/jersey/core/jersey-common/2.23.2/jersey-common-2.23.2.jar:/home/nguyenvyl/.m2/repository/javax/annotation/javax.annotation-api/1.2/javax.annotation-api-1.2.jar:/home/nguyenvyl/.m2/repository/org/glassfish/jersey/bundles/repackaged/jersey-guava/2.23.2/jersey-guava-2.23.2.jar:/home/nguyenvyl/.m2/repository/org/glassfish/hk2/hk2-api/2.5.0-b05/hk2-api-2.5.0-b05.jar:/home/nguyenvyl/.m2/repository/org/glassfish/hk2/hk2-utils/2.5.0-b05/hk2-utils-2.5.0-b05.jar:/home/nguyenvyl/.m2/repository/org/glassfish/hk2/external/aopalliance-repackaged/2.5.0-b05/aopalliance-repackaged-2.5.0-b05.jar:/home/nguyenvyl/.m2/repository/org/glassfish/hk2/hk2-locator/2.5.0-b05/hk2-locator-2.5.0-b05.jar:/home/nguyenvyl/.m2/repository/org/javassist/javassist/3.20.0-GA/javassist-3.20.0-GA.jar:/home/nguyenvyl/.m2/repository/org/glassfish/hk2/osgi-resource-locator/1.0.1/osgi-resource-locator-1.0.1.jar:/home/nguyenvyl/.m2/repository/org/glassfish/jersey/core/jersey-server/2.23.2/jersey-server-2.23.2.jar:/home/nguyenvyl/.m2/repository/org/glassfish/jersey/core/jersey-client/2.23.2/jersey-client-2.23.2.jar:/home/nguyenvyl/.m2/repository/org/glassfish/jersey/media/jersey-media-jaxb/2.23.2/jersey-media-jaxb-2.23.2.jar:/home/nguyenvyl/.m2/repository/javax/validation/validation-api/1.1.0.Final/validation-api-1.1.0.Final.jar:/home/nguyenvyl/.m2/repository/javax/ws/rs/javax.ws.rs-api/2.0.1/javax.ws.rs-api-2.0.1.jar:/home/nguyenvyl/.m2/repository/mysql/mysql-connector-java/5.1.6/mysql-connector-java-5.1.6.jar:/home/nguyenvyl/.m2/repository/org/json/json/20160810/json-20160810.jar:/home/nguyenvyl/.m2/repository/com/google/guava/guava/19.0/guav
Launcher Type: SUN_STANDARD

Environment Variables:
JAVA_HOME=/usr/local/jdk1.8.0_141
PATH=/home/nguyenvyl/bin:/home/nguyenvyl/.local/bin:/usr/local/sbin:/usr/local/bin:/usr/sbin:/usr/bin:/sbin:/bin:/usr/games:/usr/local/games:/snap/bin
LD_LIBRARY_PATH=/usr/local/jdk1.8.0_141/jre/lib/amd64:/usr/local/jdk1.8.0_141/jre/lib/i386:
SHELL=/bin/bash
DISPLAY=:0

Signal Handlers:
SIGSEGV: [libjvm.so+0xacba10], sa_mask[0]=11111111011111111101111111111110, sa_flags=SA_RESTART|SA_SIGINFO
SIGBUS: [libjvm.so+0xacba10], sa_mask[0]=11111111011111111101111111111110, sa_flags=SA_RESTART|SA_SIGINFO
SIGFPE: [libjvm.so+0x924ba0], sa_mask[0]=11111111011111111101111111111110, sa_flags=SA_RESTART|SA_SIGINFO
SIGPIPE: [libjvm.so+0x924ba0], sa_mask[0]=11111111011111111101111111111110, sa_flags=SA_RESTART|SA_SIGINFO
SIGXFSZ: [libjvm.so+0x924ba0], sa_mask[0]=11111111011111111101111111111110, sa_flags=SA_RESTART|SA_SIGINFO
SIGILL: [libjvm.so+0x924ba0], sa_mask[0]=11111111011111111101111111111110, sa_flags=SA_RESTART|SA_SIGINFO
SIGUSR1: SIG_DFL, sa_mask[0]=00000000000000000000000000000000, sa_flags=none
SIGUSR2: [libjvm.so+0x9263e0], sa_mask[0]=00100000000000000000000000000000, sa_flags=SA_RESTART|SA_SIGINFO
SIGHUP: [libjvm.so+0x9277e0], sa_mask[0]=11111111011111111101111111111110, sa_flags=SA_RESTART|SA_SIGINFO
SIGINT: SIG_IGN, sa_mask[0]=00000000000000000000000000000000, sa_flags=none
SIGTERM: [libjvm.so+0x9277e0], sa_mask[0]=11111111011111111101111111111110, sa_flags=SA_RESTART|SA_SIGINFO
SIGQUIT: [libjvm.so+0x9277e0], sa_mask[0]=11111111011111111101111111111110, sa_flags=SA_RESTART|SA_SIGINFO


---------------  S Y S T E M  ---------------

OS:DISTRIB_ID=Ubuntu
DISTRIB_RELEASE=16.04
DISTRIB_CODENAME=xenial
DISTRIB_DESCRIPTION="Ubuntu 16.04.3 LTS"

uname:Linux 4.4.0-97-generic #120-Ubuntu SMP Tue Sep 19 17:28:18 UTC 2017 x86_64
libc:glibc 2.23 NPTL 2.23 
rlimit: STACK 8192k, CORE 0k, NPROC 15177, NOFILE 1048576, AS infinity
load average:0.95 1.04 1.01

/proc/meminfo:
MemTotal:        3926028 kB
MemFree:          118952 kB
MemAvailable:      35056 kB
Buffers:            1720 kB
Cached:           418920 kB
SwapCached:         3836 kB
Active:          2722416 kB
Inactive:         826152 kB
Active(anon):    2706400 kB
Inactive(anon):   811140 kB
Active(file):      16016 kB
Inactive(file):    15012 kB
Unevictable:        1000 kB
Mlocked:            1000 kB
SwapTotal:       4072444 kB
SwapFree:              8 kB
Dirty:               588 kB
Writeback:             0 kB
AnonPages:       3127984 kB
Mapped:           115840 kB
Shmem:            389652 kB
Slab:              87620 kB
SReclaimable:      37196 kB
SUnreclaim:        50424 kB
KernelStack:       18784 kB
PageTables:        82312 kB
NFS_Unstable:          0 kB
Bounce:                0 kB
WritebackTmp:          0 kB
CommitLimit:     6035456 kB
Committed_AS:   16613512 kB
VmallocTotal:   34359738367 kB
VmallocUsed:           0 kB
VmallocChunk:          0 kB
HardwareCorrupted:     0 kB
AnonHugePages:    497664 kB
CmaTotal:              0 kB
CmaFree:               0 kB
HugePages_Total:       0
HugePages_Free:        0
HugePages_Rsvd:        0
HugePages_Surp:        0
Hugepagesize:       2048 kB
DirectMap4k:      224896 kB
DirectMap2M:     3850240 kB


CPU:total 4 (initial active 4) (2 cores per cpu, 2 threads per core) family 6 model 42 stepping 7, cmov, cx8, fxsr, mmx, sse, sse2, sse3, ssse3, sse4.1, sse4.2, popcnt, avx, aes, clmul, ht, tsc, tscinvbit

/proc/cpuinfo:
processor	: 0
vendor_id	: GenuineIntel
cpu family	: 6
model		: 42
model name	: Intel(R) Core(TM) i5-2520M CPU @ 2.50GHz
stepping	: 7
microcode	: 0x29
cpu MHz		: 3006.445
cache size	: 3072 KB
physical id	: 0
siblings	: 4
core id		: 0
cpu cores	: 2
apicid		: 0
initial apicid	: 0
fpu		: yes
fpu_exception	: yes
cpuid level	: 13
wp		: yes
flags		: fpu vme de pse tsc msr pae mce cx8 apic sep mtrr pge mca cmov pat pse36 clflush dts acpi mmx fxsr sse sse2 ss ht tm pbe syscall nx rdtscp lm constant_tsc arch_perfmon pebs bts nopl xtopology nonstop_tsc aperfmperf eagerfpu pni pclmulqdq dtes64 monitor ds_cpl vmx smx est tm2 ssse3 cx16 xtpr pdcm pcid sse4_1 sse4_2 x2apic popcnt tsc_deadline_timer aes xsave avx lahf_lm epb tpr_shadow vnmi flexpriority ept vpid xsaveopt dtherm ida arat pln pts
bugs		:
bogomips	: 4984.27
clflush size	: 64
cache_alignment	: 64
address sizes	: 36 bits physical, 48 bits virtual
power management:

processor	: 1
vendor_id	: GenuineIntel
cpu family	: 6
model		: 42
model name	: Intel(R) Core(TM) i5-2520M CPU @ 2.50GHz
stepping	: 7
microcode	: 0x29
cpu MHz		: 2992.871
cache size	: 3072 KB
physical id	: 0
siblings	: 4
core id		: 0
cpu cores	: 2
apicid		: 1
initial apicid	: 1
fpu		: yes
fpu_exception	: yes
cpuid level	: 13
wp		: yes
flags		: fpu vme de pse tsc msr pae mce cx8 apic sep mtrr pge mca cmov pat pse36 clflush dts acpi mmx fxsr sse sse2 ss ht tm pbe syscall nx rdtscp lm constant_tsc arch_perfmon pebs bts nopl xtopology nonstop_tsc aperfmperf eagerfpu pni pclmulqdq dtes64 monitor ds_cpl vmx smx est tm2 ssse3 cx16 xtpr pdcm pcid sse4_1 sse4_2 x2apic popcnt tsc_deadline_timer aes xsave avx lahf_lm epb tpr_shadow vnmi flexpriority ept vpid xsaveopt dtherm ida arat pln pts
bugs		:
bogomips	: 4984.27
clflush size	: 64
cache_alignment	: 64
address sizes	: 36 bits physical, 48 bits virtual
power management:

processor	: 2
vendor_id	: GenuineIntel
cpu family	: 6
model		: 42
model name	: Intel(R) Core(TM) i5-2520M CPU @ 2.50GHz
stepping	: 7
microcode	: 0x29
cpu MHz		: 3000.000
cache size	: 3072 KB
physical id	: 0
siblings	: 4
core id		: 1
cpu cores	: 2
apicid		: 2
initial apicid	: 2
fpu		: yes
fpu_exception	: yes
cpuid level	: 13
wp		: yes
flags		: fpu vme de pse tsc msr pae mce cx8 apic sep mtrr pge mca cmov pat pse36 clflush dts acpi mmx fxsr sse sse2 ss ht tm pbe syscall nx rdtscp lm constant_tsc arch_perfmon pebs bts nopl xtopology nonstop_tsc aperfmperf eagerfpu pni pclmulqdq dtes64 monitor ds_cpl vmx smx est tm2 ssse3 cx16 xtpr pdcm pcid sse4_1 sse4_2 x2apic popcnt tsc_deadline_timer aes xsave avx lahf_lm epb tpr_shadow vnmi flexpriority ept vpid xsaveopt dtherm ida arat pln pts
bugs		:
bogomips	: 4984.27
clflush size	: 64
cache_alignment	: 64
address sizes	: 36 bits physical, 48 bits virtual
power management:

processor	: 3
vendor_id	: GenuineIntel
cpu family	: 6
model		: 42
model name	: Intel(R) Core(TM) i5-2520M CPU @ 2.50GHz
stepping	: 7
microcode	: 0x29
cpu MHz		: 2999.414
cache size	: 3072 KB
physical id	: 0
siblings	: 4
core id		: 1
cpu cores	: 2
apicid		: 3
initial apicid	: 3
fpu		: yes
fpu_exception	: yes
cpuid level	: 13
wp		: yes
flags		: fpu vme de pse tsc msr pae mce cx8 apic sep mtrr pge mca cmov pat pse36 clflush dts acpi mmx fxsr sse sse2 ss ht tm pbe syscall nx rdtscp lm constant_tsc arch_perfmon pebs bts nopl xtopology nonstop_tsc aperfmperf eagerfpu pni pclmulqdq dtes64 monitor ds_cpl vmx smx est tm2 ssse3 cx16 xtpr pdcm pcid sse4_1 sse4_2 x2apic popcnt tsc_deadline_timer aes xsave avx lahf_lm epb tpr_shadow vnmi flexpriority ept vpid xsaveopt dtherm ida arat pln pts
bugs		:
bogomips	: 4984.27
clflush size	: 64
cache_alignment	: 64
address sizes	: 36 bits physical, 48 bits virtual
power management:



Memory: 4k page, physical 3926028k(118952k free), swap 4072444k(8k free)

vm_info: Java HotSpot(TM) 64-Bit Server VM (25.141-b15) for linux-amd64 JRE (1.8.0_141-b15), built on Jul 12 2017 04:21:34 by "java_re" with gcc 4.3.0 20080428 (Red Hat 4.3.0-8)

time: Mon Oct 16 14:09:03 2017
elapsed time: 0 seconds (0d 0h 0m 0s)

